c:\users\dnfki\onedrive\documents\github\krnldriver\um\x64\release\vc143.pdb
c:\users\dnfki\onedrive\documents\github\krnldriver\um\x64\release\main.obj
c:\users\dnfki\onedrive\documents\github\krnldriver\um\x64\release\imgui_widgets.obj
c:\users\dnfki\onedrive\documents\github\krnldriver\um\x64\release\imgui_tables.obj
c:\users\dnfki\onedrive\documents\github\krnldriver\um\x64\release\imgui_impl_win32.obj
c:\users\dnfki\onedrive\documents\github\krnldriver\um\x64\release\imgui_impl_dx11.obj
c:\users\dnfki\onedrive\documents\github\krnldriver\um\x64\release\imgui_draw.obj
c:\users\dnfki\onedrive\documents\github\krnldriver\um\x64\release\imgui_demo.obj
c:\users\dnfki\onedrive\documents\github\krnldriver\um\x64\release\imgui.obj
c:\users\dnfki\onedrive\documents\github\krnldriver\um\x64\release\scanner.obj
c:\users\dnfki\onedrive\documents\github\krnldriver\um\x64\release\driver.obj
c:\users\dnfki\onedrive\documents\github\krnldriver\um\x64\release\bypass.obj
c:\users\dnfki\onedrive\documents\github\krnldriver\x64\stickynotes.exe
c:\users\dnfki\onedrive\documents\github\krnldriver\x64\stickynotes.pdb
c:\users\dnfki\onedrive\documents\github\krnldriver\um\x64\release\stickynotes.ipdb
c:\users\dnfki\onedrive\documents\github\krnldriver\um\x64\release\stickynotes.iobj
c:\users\dnfki\onedrive\documents\github\krnldriver\x64\\stickynotes.pdb
c:\users\dnfki\onedrive\documents\github\krnldriver\um\x64\release\newum.tlog\cl.command.1.tlog
c:\users\dnfki\onedrive\documents\github\krnldriver\um\x64\release\newum.tlog\cl.items.tlog
c:\users\dnfki\onedrive\documents\github\krnldriver\um\x64\release\newum.tlog\cl.read.1.tlog
c:\users\dnfki\onedrive\documents\github\krnldriver\um\x64\release\newum.tlog\cl.write.1.tlog
c:\users\dnfki\onedrive\documents\github\krnldriver\um\x64\release\newum.tlog\link.command.1.tlog
c:\users\dnfki\onedrive\documents\github\krnldriver\um\x64\release\newum.tlog\link.read.1.tlog
c:\users\dnfki\onedrive\documents\github\krnldriver\um\x64\release\newum.tlog\link.secondary.1.tlog
c:\users\dnfki\onedrive\documents\github\krnldriver\um\x64\release\newum.tlog\link.write.1.tlog
