  Building 'recode' with toolset 'WindowsKernelModeDriver10.0' and the 'Universal' target platform.
  cr3.cpp
C:\Program Files\Microsoft Visual Studio\2022\Community\VC\Tools\MSVC\14.41.34120\include\vcruntime.h(61,26): warning C4083: expected ')'; found identifier '_VCRUNTIME_DISABLED_WARNINGS'
  (compiling source file 'cr3%20bypass/cr3.cpp')
  
C:\Program Files\Microsoft Visual Studio\2022\Community\VC\Tools\MSVC\14.41.34120\include\vcruntime.h(111,9): warning C4005: '_CRT_STRINGIZE': macro redefinition
  (compiling source file 'cr3%20bypass/cr3.cpp')
      C:\Program Files (x86)\Windows Kits\10\Include\10.0.26100.0\km\crt\crtdefs.h(85,9):
      see previous definition of '_CRT_STRINGIZE'
  
C:\Program Files\Microsoft Visual Studio\2022\Community\VC\Tools\MSVC\14.41.34120\include\vcruntime.h(114,9): warning C4005: '_CRT_WIDE': macro redefinition
  (compiling source file 'cr3%20bypass/cr3.cpp')
      C:\Program Files (x86)\Windows Kits\10\Include\10.0.26100.0\km\crt\crtdefs.h(88,9):
      see previous definition of '_CRT_WIDE'
  
C:\Program Files\Microsoft Visual Studio\2022\Community\VC\Tools\MSVC\14.41.34120\include\vcruntime.h(155,9): warning C4005: '__CRTDECL': macro redefinition
  (compiling source file 'cr3%20bypass/cr3.cpp')
      C:\Program Files (x86)\Windows Kits\10\Include\10.0.26100.0\km\crt\crtdefs.h(640,9):
      see previous definition of '__CRTDECL'
  
C:\Program Files\Microsoft Visual Studio\2022\Community\VC\Tools\MSVC\14.41.34120\include\stdint.h(16,26): warning C4083: expected ')'; found identifier '_VCRUNTIME_DISABLED_WARNINGS'
  (compiling source file 'cr3%20bypass/cr3.cpp')
  
C:\Users\dnfki\OneDrive\Documents\GitHub\KRNLDriver\KM\driver methods\includes\callstack.h(86,58): warning C4311: 'type cast': pointer truncation from 'const char *' to 'ULONG'
  (compiling source file 'cr3%20bypass/cr3.cpp')
  
C:\Users\dnfki\OneDrive\Documents\GitHub\KRNLDriver\KM\driver methods\includes\callstack.h(86,58): warning C4302: 'type cast': truncation from 'const char *' to 'ULONG'
  (compiling source file 'cr3%20bypass/cr3.cpp')
  
C:\Users\dnfki\OneDrive\Documents\GitHub\KRNLDriver\KM\driver methods\includes\callstack.h(86,16): warning C4996: 'ExAllocatePoolWithTag': ExAllocatePoolWithTag is deprecated, use ExAllocatePool2.
  (compiling source file 'cr3%20bypass/cr3.cpp')
  
C:\Users\dnfki\OneDrive\Documents\GitHub\KRNLDriver\KM\driver essentials\imports.h(179,6): warning C4201: nonstandard extension used: nameless struct/union
  (compiling source file 'cr3%20bypass/cr3.cpp')
  
C:\Users\dnfki\OneDrive\Documents\GitHub\KRNLDriver\KM\driver essentials\imports.h(191,6): warning C4201: nonstandard extension used: nameless struct/union
  (compiling source file 'cr3%20bypass/cr3.cpp')
  
C:\Users\dnfki\OneDrive\Documents\GitHub\KRNLDriver\KM\driver essentials\imports.h(171,4): warning C4201: nonstandard extension used: nameless struct/union
  (compiling source file 'cr3%20bypass/cr3.cpp')
  
C:\Users\dnfki\OneDrive\Documents\GitHub\KRNLDriver\KM\cr3 bypass\cr3.cpp(23,4): warning C4201: nonstandard extension used: nameless struct/union
C:\Users\dnfki\OneDrive\Documents\GitHub\KRNLDriver\KM\cr3 bypass\cr3.cpp(31,4): warning C4201: nonstandard extension used: nameless struct/union
C:\Users\dnfki\OneDrive\Documents\GitHub\KRNLDriver\KM\cr3 bypass\cr3.cpp(46,2): warning C4201: nonstandard extension used: nameless struct/union
C:\Users\dnfki\OneDrive\Documents\GitHub\KRNLDriver\KM\cr3 bypass\cr3.cpp(70,2): warning C4201: nonstandard extension used: nameless struct/union
C:\Users\dnfki\OneDrive\Documents\GitHub\KRNLDriver\KM\cr3 bypass\cr3.cpp(87,2): warning C4201: nonstandard extension used: nameless struct/union
C:\Users\dnfki\OneDrive\Documents\GitHub\KRNLDriver\KM\cr3 bypass\cr3.cpp(107,2): warning C4201: nonstandard extension used: nameless struct/union
C:\Users\dnfki\OneDrive\Documents\GitHub\KRNLDriver\KM\cr3 bypass\cr3.cpp(123,2): warning C4201: nonstandard extension used: nameless struct/union
C:\Users\dnfki\OneDrive\Documents\GitHub\KRNLDriver\KM\cr3 bypass\cr3.cpp(140,2): warning C4201: nonstandard extension used: nameless struct/union
C:\Users\dnfki\OneDrive\Documents\GitHub\KRNLDriver\KM\cr3 bypass\cr3.cpp(156,2): warning C4201: nonstandard extension used: nameless struct/union
C:\Users\dnfki\OneDrive\Documents\GitHub\KRNLDriver\KM\cr3 bypass\cr3.cpp(193,3): warning C4201: nonstandard extension used: nameless struct/union
C:\Users\dnfki\OneDrive\Documents\GitHub\KRNLDriver\KM\cr3 bypass\cr3.cpp(201,3): warning C4201: nonstandard extension used: nameless struct/union
C:\Users\dnfki\OneDrive\Documents\GitHub\KRNLDriver\KM\cr3 bypass\cr3.cpp(209,3): warning C4201: nonstandard extension used: nameless struct/union
C:\Users\dnfki\OneDrive\Documents\GitHub\KRNLDriver\KM\cr3 bypass\cr3.cpp(220,2): warning C4201: nonstandard extension used: nameless struct/union
C:\Users\dnfki\OneDrive\Documents\GitHub\KRNLDriver\KM\cr3 bypass\cr3.cpp(232,2): warning C4201: nonstandard extension used: nameless struct/union
C:\Users\dnfki\OneDrive\Documents\GitHub\KRNLDriver\KM\cr3 bypass\cr3.cpp(250,4): warning C4201: nonstandard extension used: nameless struct/union
C:\Users\dnfki\OneDrive\Documents\GitHub\KRNLDriver\KM\cr3 bypass\cr3.cpp(262,4): warning C4201: nonstandard extension used: nameless struct/union
C:\Users\dnfki\OneDrive\Documents\GitHub\KRNLDriver\KM\cr3 bypass\cr3.cpp(277,2): warning C4201: nonstandard extension used: nameless struct/union
C:\Users\dnfki\OneDrive\Documents\GitHub\KRNLDriver\KM\cr3 bypass\cr3.cpp(401,6): warning C4201: nonstandard extension used: nameless struct/union
C:\Users\dnfki\OneDrive\Documents\GitHub\KRNLDriver\KM\cr3 bypass\cr3.cpp(393,3): warning C4201: nonstandard extension used: nameless struct/union
C:\Users\dnfki\OneDrive\Documents\GitHub\KRNLDriver\KM\cr3 bypass\cr3.cpp(422,4): warning C4201: nonstandard extension used: nameless struct/union
C:\Users\dnfki\OneDrive\Documents\GitHub\KRNLDriver\KM\cr3 bypass\cr3.cpp(443,4): warning C4201: nonstandard extension used: nameless struct/union
  handler.cpp
C:\Program Files\Microsoft Visual Studio\2022\Community\VC\Tools\MSVC\14.41.34120\include\vcruntime.h(61,26): warning C4083: expected ')'; found identifier '_VCRUNTIME_DISABLED_WARNINGS'
  (compiling source file 'Driver%20Entry/handler/handler.cpp')
  
C:\Program Files\Microsoft Visual Studio\2022\Community\VC\Tools\MSVC\14.41.34120\include\vcruntime.h(111,9): warning C4005: '_CRT_STRINGIZE': macro redefinition
  (compiling source file 'Driver%20Entry/handler/handler.cpp')
      C:\Program Files (x86)\Windows Kits\10\Include\10.0.26100.0\km\crt\crtdefs.h(85,9):
      see previous definition of '_CRT_STRINGIZE'
  
C:\Program Files\Microsoft Visual Studio\2022\Community\VC\Tools\MSVC\14.41.34120\include\vcruntime.h(114,9): warning C4005: '_CRT_WIDE': macro redefinition
  (compiling source file 'Driver%20Entry/handler/handler.cpp')
      C:\Program Files (x86)\Windows Kits\10\Include\10.0.26100.0\km\crt\crtdefs.h(88,9):
      see previous definition of '_CRT_WIDE'
  
C:\Program Files\Microsoft Visual Studio\2022\Community\VC\Tools\MSVC\14.41.34120\include\vcruntime.h(155,9): warning C4005: '__CRTDECL': macro redefinition
  (compiling source file 'Driver%20Entry/handler/handler.cpp')
      C:\Program Files (x86)\Windows Kits\10\Include\10.0.26100.0\km\crt\crtdefs.h(640,9):
      see previous definition of '__CRTDECL'
  
C:\Program Files\Microsoft Visual Studio\2022\Community\VC\Tools\MSVC\14.41.34120\include\stdint.h(16,26): warning C4083: expected ')'; found identifier '_VCRUNTIME_DISABLED_WARNINGS'
  (compiling source file 'Driver%20Entry/handler/handler.cpp')
  
C:\Users\dnfki\OneDrive\Documents\GitHub\KRNLDriver\KM\driver methods\includes\callstack.h(86,58): warning C4311: 'type cast': pointer truncation from 'const char *' to 'ULONG'
  (compiling source file 'Driver%20Entry/handler/handler.cpp')
  
C:\Users\dnfki\OneDrive\Documents\GitHub\KRNLDriver\KM\driver methods\includes\callstack.h(86,58): warning C4302: 'type cast': truncation from 'const char *' to 'ULONG'
  (compiling source file 'Driver%20Entry/handler/handler.cpp')
  
C:\Users\dnfki\OneDrive\Documents\GitHub\KRNLDriver\KM\driver methods\includes\callstack.h(86,16): warning C4996: 'ExAllocatePoolWithTag': ExAllocatePoolWithTag is deprecated, use ExAllocatePool2.
  (compiling source file 'Driver%20Entry/handler/handler.cpp')
  
C:\Users\dnfki\OneDrive\Documents\GitHub\KRNLDriver\KM\driver essentials\imports.h(179,6): warning C4201: nonstandard extension used: nameless struct/union
  (compiling source file 'Driver%20Entry/handler/handler.cpp')
  
C:\Users\dnfki\OneDrive\Documents\GitHub\KRNLDriver\KM\driver essentials\imports.h(191,6): warning C4201: nonstandard extension used: nameless struct/union
  (compiling source file 'Driver%20Entry/handler/handler.cpp')
  
C:\Users\dnfki\OneDrive\Documents\GitHub\KRNLDriver\KM\driver essentials\imports.h(171,4): warning C4201: nonstandard extension used: nameless struct/union
  (compiling source file 'Driver%20Entry/handler/handler.cpp')
  
C:\Users\dnfki\OneDrive\Documents\GitHub\KRNLDriver\KM\Driver Entry\handler\handler.cpp(9,21): warning C4305: 'initializing': truncation from '__int64' to 'int'
C:\Users\dnfki\OneDrive\Documents\GitHub\KRNLDriver\KM\Driver Entry\handler\handler.cpp(9,23): warning C4309: 'initializing': truncation of constant value
C:\Users\dnfki\OneDrive\Documents\GitHub\KRNLDriver\KM\Driver Entry\handler\handler.cpp(11,21): warning C4305: 'initializing': truncation from '__int64' to 'int'
C:\Users\dnfki\OneDrive\Documents\GitHub\KRNLDriver\KM\Driver Entry\handler\handler.cpp(11,23): warning C4309: 'initializing': truncation of constant value
  ntos_base.cpp
C:\Program Files\Microsoft Visual Studio\2022\Community\VC\Tools\MSVC\14.41.34120\include\vcruntime.h(61,26): warning C4083: expected ')'; found identifier '_VCRUNTIME_DISABLED_WARNINGS'
  (compiling source file 'driver%20essentials/ntos%20base/ntos_base.cpp')
  
C:\Program Files\Microsoft Visual Studio\2022\Community\VC\Tools\MSVC\14.41.34120\include\vcruntime.h(111,9): warning C4005: '_CRT_STRINGIZE': macro redefinition
  (compiling source file 'driver%20essentials/ntos%20base/ntos_base.cpp')
      C:\Program Files (x86)\Windows Kits\10\Include\10.0.26100.0\km\crt\crtdefs.h(85,9):
      see previous definition of '_CRT_STRINGIZE'
  
C:\Program Files\Microsoft Visual Studio\2022\Community\VC\Tools\MSVC\14.41.34120\include\vcruntime.h(114,9): warning C4005: '_CRT_WIDE': macro redefinition
  (compiling source file 'driver%20essentials/ntos%20base/ntos_base.cpp')
      C:\Program Files (x86)\Windows Kits\10\Include\10.0.26100.0\km\crt\crtdefs.h(88,9):
      see previous definition of '_CRT_WIDE'
  
C:\Program Files\Microsoft Visual Studio\2022\Community\VC\Tools\MSVC\14.41.34120\include\vcruntime.h(155,9): warning C4005: '__CRTDECL': macro redefinition
  (compiling source file 'driver%20essentials/ntos%20base/ntos_base.cpp')
      C:\Program Files (x86)\Windows Kits\10\Include\10.0.26100.0\km\crt\crtdefs.h(640,9):
      see previous definition of '__CRTDECL'
  
C:\Program Files\Microsoft Visual Studio\2022\Community\VC\Tools\MSVC\14.41.34120\include\stdint.h(16,26): warning C4083: expected ')'; found identifier '_VCRUNTIME_DISABLED_WARNINGS'
  (compiling source file 'driver%20essentials/ntos%20base/ntos_base.cpp')
  
  baseaddress.cpp
C:\Program Files\Microsoft Visual Studio\2022\Community\VC\Tools\MSVC\14.41.34120\include\vcruntime.h(61,26): warning C4083: expected ')'; found identifier '_VCRUNTIME_DISABLED_WARNINGS'
  (compiling source file 'driver%20methods/base.address/baseaddress.cpp')
  
C:\Program Files\Microsoft Visual Studio\2022\Community\VC\Tools\MSVC\14.41.34120\include\vcruntime.h(111,9): warning C4005: '_CRT_STRINGIZE': macro redefinition
  (compiling source file 'driver%20methods/base.address/baseaddress.cpp')
      C:\Program Files (x86)\Windows Kits\10\Include\10.0.26100.0\km\crt\crtdefs.h(85,9):
      see previous definition of '_CRT_STRINGIZE'
  
C:\Program Files\Microsoft Visual Studio\2022\Community\VC\Tools\MSVC\14.41.34120\include\vcruntime.h(114,9): warning C4005: '_CRT_WIDE': macro redefinition
  (compiling source file 'driver%20methods/base.address/baseaddress.cpp')
      C:\Program Files (x86)\Windows Kits\10\Include\10.0.26100.0\km\crt\crtdefs.h(88,9):
      see previous definition of '_CRT_WIDE'
  
C:\Program Files\Microsoft Visual Studio\2022\Community\VC\Tools\MSVC\14.41.34120\include\vcruntime.h(155,9): warning C4005: '__CRTDECL': macro redefinition
  (compiling source file 'driver%20methods/base.address/baseaddress.cpp')
      C:\Program Files (x86)\Windows Kits\10\Include\10.0.26100.0\km\crt\crtdefs.h(640,9):
      see previous definition of '__CRTDECL'
  
C:\Program Files\Microsoft Visual Studio\2022\Community\VC\Tools\MSVC\14.41.34120\include\stdint.h(16,26): warning C4083: expected ')'; found identifier '_VCRUNTIME_DISABLED_WARNINGS'
  (compiling source file 'driver%20methods/base.address/baseaddress.cpp')
  
C:\Users\dnfki\OneDrive\Documents\GitHub\KRNLDriver\KM\driver methods\includes\callstack.h(86,58): warning C4311: 'type cast': pointer truncation from 'const char *' to 'ULONG'
  (compiling source file 'driver%20methods/base.address/baseaddress.cpp')
  
C:\Users\dnfki\OneDrive\Documents\GitHub\KRNLDriver\KM\driver methods\includes\callstack.h(86,58): warning C4302: 'type cast': truncation from 'const char *' to 'ULONG'
  (compiling source file 'driver%20methods/base.address/baseaddress.cpp')
  
C:\Users\dnfki\OneDrive\Documents\GitHub\KRNLDriver\KM\driver methods\includes\callstack.h(86,16): warning C4996: 'ExAllocatePoolWithTag': ExAllocatePoolWithTag is deprecated, use ExAllocatePool2.
  (compiling source file 'driver%20methods/base.address/baseaddress.cpp')
  
C:\Users\dnfki\OneDrive\Documents\GitHub\KRNLDriver\KM\driver essentials\imports.h(179,6): warning C4201: nonstandard extension used: nameless struct/union
  (compiling source file 'driver%20methods/base.address/baseaddress.cpp')
  
C:\Users\dnfki\OneDrive\Documents\GitHub\KRNLDriver\KM\driver essentials\imports.h(191,6): warning C4201: nonstandard extension used: nameless struct/union
  (compiling source file 'driver%20methods/base.address/baseaddress.cpp')
  
C:\Users\dnfki\OneDrive\Documents\GitHub\KRNLDriver\KM\driver essentials\imports.h(171,4): warning C4201: nonstandard extension used: nameless struct/union
  (compiling source file 'driver%20methods/base.address/baseaddress.cpp')
  
C:\Users\dnfki\OneDrive\Documents\GitHub\KRNLDriver\KM\driver methods\base.address\baseaddress.cpp(13,21): warning C4305: 'initializing': truncation from '__int64' to 'int'
C:\Users\dnfki\OneDrive\Documents\GitHub\KRNLDriver\KM\driver methods\base.address\baseaddress.cpp(13,23): warning C4309: 'initializing': truncation of constant value
C:\Users\dnfki\OneDrive\Documents\GitHub\KRNLDriver\KM\driver methods\base.address\baseaddress.cpp(15,21): warning C4305: 'initializing': truncation from '__int64' to 'int'
C:\Users\dnfki\OneDrive\Documents\GitHub\KRNLDriver\KM\driver methods\base.address\baseaddress.cpp(15,23): warning C4309: 'initializing': truncation of constant value
  Helper.cpp
C:\Program Files\Microsoft Visual Studio\2022\Community\VC\Tools\MSVC\14.41.34120\include\vcruntime.h(61,26): warning C4083: expected ')'; found identifier '_VCRUNTIME_DISABLED_WARNINGS'
  (compiling source file 'driver%20methods/Helper/Helper.cpp')
  
C:\Program Files\Microsoft Visual Studio\2022\Community\VC\Tools\MSVC\14.41.34120\include\vcruntime.h(111,9): warning C4005: '_CRT_STRINGIZE': macro redefinition
  (compiling source file 'driver%20methods/Helper/Helper.cpp')
      C:\Program Files (x86)\Windows Kits\10\Include\10.0.26100.0\km\crt\crtdefs.h(85,9):
      see previous definition of '_CRT_STRINGIZE'
  
C:\Program Files\Microsoft Visual Studio\2022\Community\VC\Tools\MSVC\14.41.34120\include\vcruntime.h(114,9): warning C4005: '_CRT_WIDE': macro redefinition
  (compiling source file 'driver%20methods/Helper/Helper.cpp')
      C:\Program Files (x86)\Windows Kits\10\Include\10.0.26100.0\km\crt\crtdefs.h(88,9):
      see previous definition of '_CRT_WIDE'
  
C:\Program Files\Microsoft Visual Studio\2022\Community\VC\Tools\MSVC\14.41.34120\include\vcruntime.h(155,9): warning C4005: '__CRTDECL': macro redefinition
  (compiling source file 'driver%20methods/Helper/Helper.cpp')
      C:\Program Files (x86)\Windows Kits\10\Include\10.0.26100.0\km\crt\crtdefs.h(640,9):
      see previous definition of '__CRTDECL'
  
C:\Program Files\Microsoft Visual Studio\2022\Community\VC\Tools\MSVC\14.41.34120\include\stdint.h(16,26): warning C4083: expected ')'; found identifier '_VCRUNTIME_DISABLED_WARNINGS'
  (compiling source file 'driver%20methods/Helper/Helper.cpp')
  
C:\Users\dnfki\OneDrive\Documents\GitHub\KRNLDriver\KM\driver methods\includes\callstack.h(86,58): warning C4311: 'type cast': pointer truncation from 'const char *' to 'ULONG'
  (compiling source file 'driver%20methods/Helper/Helper.cpp')
  
C:\Users\dnfki\OneDrive\Documents\GitHub\KRNLDriver\KM\driver methods\includes\callstack.h(86,58): warning C4302: 'type cast': truncation from 'const char *' to 'ULONG'
  (compiling source file 'driver%20methods/Helper/Helper.cpp')
  
C:\Users\dnfki\OneDrive\Documents\GitHub\KRNLDriver\KM\driver methods\includes\callstack.h(86,16): warning C4996: 'ExAllocatePoolWithTag': ExAllocatePoolWithTag is deprecated, use ExAllocatePool2.
  (compiling source file 'driver%20methods/Helper/Helper.cpp')
  
C:\Users\dnfki\OneDrive\Documents\GitHub\KRNLDriver\KM\driver essentials\imports.h(179,6): warning C4201: nonstandard extension used: nameless struct/union
  (compiling source file 'driver%20methods/Helper/Helper.cpp')
  
C:\Users\dnfki\OneDrive\Documents\GitHub\KRNLDriver\KM\driver essentials\imports.h(191,6): warning C4201: nonstandard extension used: nameless struct/union
  (compiling source file 'driver%20methods/Helper/Helper.cpp')
  
C:\Users\dnfki\OneDrive\Documents\GitHub\KRNLDriver\KM\driver essentials\imports.h(171,4): warning C4201: nonstandard extension used: nameless struct/union
  (compiling source file 'driver%20methods/Helper/Helper.cpp')
  
C:\Users\dnfki\OneDrive\Documents\GitHub\KRNLDriver\KM\driver methods\Helper\Helper.cpp(10,21): warning C4305: 'initializing': truncation from '__int64' to 'int'
C:\Users\dnfki\OneDrive\Documents\GitHub\KRNLDriver\KM\driver methods\Helper\Helper.cpp(10,23): warning C4309: 'initializing': truncation of constant value
C:\Users\dnfki\OneDrive\Documents\GitHub\KRNLDriver\KM\driver methods\Helper\Helper.cpp(12,21): warning C4305: 'initializing': truncation from '__int64' to 'int'
C:\Users\dnfki\OneDrive\Documents\GitHub\KRNLDriver\KM\driver methods\Helper\Helper.cpp(12,23): warning C4309: 'initializing': truncation of constant value
C:\Users\dnfki\OneDrive\Documents\GitHub\KRNLDriver\KM\driver methods\Helper\Helper.cpp(102,21): warning C4305: 'initializing': truncation from '__int64' to 'int'
C:\Users\dnfki\OneDrive\Documents\GitHub\KRNLDriver\KM\driver methods\Helper\Helper.cpp(102,23): warning C4309: 'initializing': truncation of constant value
C:\Users\dnfki\OneDrive\Documents\GitHub\KRNLDriver\KM\driver methods\Helper\Helper.cpp(104,21): warning C4305: 'initializing': truncation from '__int64' to 'int'
C:\Users\dnfki\OneDrive\Documents\GitHub\KRNLDriver\KM\driver methods\Helper\Helper.cpp(104,23): warning C4309: 'initializing': truncation of constant value
  process.cpp
C:\Program Files\Microsoft Visual Studio\2022\Community\VC\Tools\MSVC\14.41.34120\include\vcruntime.h(61,26): warning C4083: expected ')'; found identifier '_VCRUNTIME_DISABLED_WARNINGS'
  (compiling source file 'driver%20methods/HideTask/process.cpp')
  
C:\Program Files\Microsoft Visual Studio\2022\Community\VC\Tools\MSVC\14.41.34120\include\vcruntime.h(111,9): warning C4005: '_CRT_STRINGIZE': macro redefinition
  (compiling source file 'driver%20methods/HideTask/process.cpp')
      C:\Program Files (x86)\Windows Kits\10\Include\10.0.26100.0\km\crt\crtdefs.h(85,9):
      see previous definition of '_CRT_STRINGIZE'
  
C:\Program Files\Microsoft Visual Studio\2022\Community\VC\Tools\MSVC\14.41.34120\include\vcruntime.h(114,9): warning C4005: '_CRT_WIDE': macro redefinition
  (compiling source file 'driver%20methods/HideTask/process.cpp')
      C:\Program Files (x86)\Windows Kits\10\Include\10.0.26100.0\km\crt\crtdefs.h(88,9):
      see previous definition of '_CRT_WIDE'
  
C:\Program Files\Microsoft Visual Studio\2022\Community\VC\Tools\MSVC\14.41.34120\include\vcruntime.h(155,9): warning C4005: '__CRTDECL': macro redefinition
  (compiling source file 'driver%20methods/HideTask/process.cpp')
      C:\Program Files (x86)\Windows Kits\10\Include\10.0.26100.0\km\crt\crtdefs.h(640,9):
      see previous definition of '__CRTDECL'
  
C:\Program Files\Microsoft Visual Studio\2022\Community\VC\Tools\MSVC\14.41.34120\include\stdint.h(16,26): warning C4083: expected ')'; found identifier '_VCRUNTIME_DISABLED_WARNINGS'
  (compiling source file 'driver%20methods/HideTask/process.cpp')
  
C:\Users\dnfki\OneDrive\Documents\GitHub\KRNLDriver\KM\driver methods\includes\callstack.h(86,58): warning C4311: 'type cast': pointer truncation from 'const char *' to 'ULONG'
  (compiling source file 'driver%20methods/HideTask/process.cpp')
  
C:\Users\dnfki\OneDrive\Documents\GitHub\KRNLDriver\KM\driver methods\includes\callstack.h(86,58): warning C4302: 'type cast': truncation from 'const char *' to 'ULONG'
  (compiling source file 'driver%20methods/HideTask/process.cpp')
  
C:\Users\dnfki\OneDrive\Documents\GitHub\KRNLDriver\KM\driver methods\includes\callstack.h(86,16): warning C4996: 'ExAllocatePoolWithTag': ExAllocatePoolWithTag is deprecated, use ExAllocatePool2.
  (compiling source file 'driver%20methods/HideTask/process.cpp')
  
C:\Users\dnfki\OneDrive\Documents\GitHub\KRNLDriver\KM\driver essentials\imports.h(179,6): warning C4201: nonstandard extension used: nameless struct/union
  (compiling source file 'driver%20methods/HideTask/process.cpp')
  
C:\Users\dnfki\OneDrive\Documents\GitHub\KRNLDriver\KM\driver essentials\imports.h(191,6): warning C4201: nonstandard extension used: nameless struct/union
  (compiling source file 'driver%20methods/HideTask/process.cpp')
  
C:\Users\dnfki\OneDrive\Documents\GitHub\KRNLDriver\KM\driver essentials\imports.h(171,4): warning C4201: nonstandard extension used: nameless struct/union
  (compiling source file 'driver%20methods/HideTask/process.cpp')
  
C:\Users\dnfki\OneDrive\Documents\GitHub\KRNLDriver\KM\driver methods\HideTask\process.cpp(10,21): warning C4305: 'initializing': truncation from '__int64' to 'int'
C:\Users\dnfki\OneDrive\Documents\GitHub\KRNLDriver\KM\driver methods\HideTask\process.cpp(10,23): warning C4309: 'initializing': truncation of constant value
C:\Users\dnfki\OneDrive\Documents\GitHub\KRNLDriver\KM\driver methods\HideTask\process.cpp(12,21): warning C4305: 'initializing': truncation from '__int64' to 'int'
C:\Users\dnfki\OneDrive\Documents\GitHub\KRNLDriver\KM\driver methods\HideTask\process.cpp(12,23): warning C4309: 'initializing': truncation of constant value
  structs.cpp
C:\Program Files\Microsoft Visual Studio\2022\Community\VC\Tools\MSVC\14.41.34120\include\vcruntime.h(61,26): warning C4083: expected ')'; found identifier '_VCRUNTIME_DISABLED_WARNINGS'
  (compiling source file 'driver%20methods/includes/structs.cpp')
  
C:\Program Files\Microsoft Visual Studio\2022\Community\VC\Tools\MSVC\14.41.34120\include\vcruntime.h(111,9): warning C4005: '_CRT_STRINGIZE': macro redefinition
  (compiling source file 'driver%20methods/includes/structs.cpp')
      C:\Program Files (x86)\Windows Kits\10\Include\10.0.26100.0\km\crt\crtdefs.h(85,9):
      see previous definition of '_CRT_STRINGIZE'
  
C:\Program Files\Microsoft Visual Studio\2022\Community\VC\Tools\MSVC\14.41.34120\include\vcruntime.h(114,9): warning C4005: '_CRT_WIDE': macro redefinition
  (compiling source file 'driver%20methods/includes/structs.cpp')
      C:\Program Files (x86)\Windows Kits\10\Include\10.0.26100.0\km\crt\crtdefs.h(88,9):
      see previous definition of '_CRT_WIDE'
  
C:\Program Files\Microsoft Visual Studio\2022\Community\VC\Tools\MSVC\14.41.34120\include\vcruntime.h(155,9): warning C4005: '__CRTDECL': macro redefinition
  (compiling source file 'driver%20methods/includes/structs.cpp')
      C:\Program Files (x86)\Windows Kits\10\Include\10.0.26100.0\km\crt\crtdefs.h(640,9):
      see previous definition of '__CRTDECL'
  
C:\Program Files\Microsoft Visual Studio\2022\Community\VC\Tools\MSVC\14.41.34120\include\stdint.h(16,26): warning C4083: expected ')'; found identifier '_VCRUNTIME_DISABLED_WARNINGS'
  (compiling source file 'driver%20methods/includes/structs.cpp')
  
C:\Users\dnfki\OneDrive\Documents\GitHub\KRNLDriver\KM\driver methods\includes\callstack.h(86,58): warning C4311: 'type cast': pointer truncation from 'const char *' to 'ULONG'
  (compiling source file 'driver%20methods/includes/structs.cpp')
  
C:\Users\dnfki\OneDrive\Documents\GitHub\KRNLDriver\KM\driver methods\includes\callstack.h(86,58): warning C4302: 'type cast': truncation from 'const char *' to 'ULONG'
  (compiling source file 'driver%20methods/includes/structs.cpp')
  
C:\Users\dnfki\OneDrive\Documents\GitHub\KRNLDriver\KM\driver methods\includes\callstack.h(86,16): warning C4996: 'ExAllocatePoolWithTag': ExAllocatePoolWithTag is deprecated, use ExAllocatePool2.
  (compiling source file 'driver%20methods/includes/structs.cpp')
  
C:\Users\dnfki\OneDrive\Documents\GitHub\KRNLDriver\KM\driver essentials\imports.h(179,6): warning C4201: nonstandard extension used: nameless struct/union
  (compiling source file 'driver%20methods/includes/structs.cpp')
  
C:\Users\dnfki\OneDrive\Documents\GitHub\KRNLDriver\KM\driver essentials\imports.h(191,6): warning C4201: nonstandard extension used: nameless struct/union
  (compiling source file 'driver%20methods/includes/structs.cpp')
  
C:\Users\dnfki\OneDrive\Documents\GitHub\KRNLDriver\KM\driver essentials\imports.h(171,4): warning C4201: nonstandard extension used: nameless struct/union
  (compiling source file 'driver%20methods/includes/structs.cpp')
  
  moduleaddress.cpp
C:\Program Files\Microsoft Visual Studio\2022\Community\VC\Tools\MSVC\14.41.34120\include\vcruntime.h(61,26): warning C4083: expected ')'; found identifier '_VCRUNTIME_DISABLED_WARNINGS'
  (compiling source file 'driver%20methods/module.address/moduleaddress.cpp')
  
C:\Program Files\Microsoft Visual Studio\2022\Community\VC\Tools\MSVC\14.41.34120\include\vcruntime.h(111,9): warning C4005: '_CRT_STRINGIZE': macro redefinition
  (compiling source file 'driver%20methods/module.address/moduleaddress.cpp')
      C:\Program Files (x86)\Windows Kits\10\Include\10.0.26100.0\km\crt\crtdefs.h(85,9):
      see previous definition of '_CRT_STRINGIZE'
  
C:\Program Files\Microsoft Visual Studio\2022\Community\VC\Tools\MSVC\14.41.34120\include\vcruntime.h(114,9): warning C4005: '_CRT_WIDE': macro redefinition
  (compiling source file 'driver%20methods/module.address/moduleaddress.cpp')
      C:\Program Files (x86)\Windows Kits\10\Include\10.0.26100.0\km\crt\crtdefs.h(88,9):
      see previous definition of '_CRT_WIDE'
  
C:\Program Files\Microsoft Visual Studio\2022\Community\VC\Tools\MSVC\14.41.34120\include\vcruntime.h(155,9): warning C4005: '__CRTDECL': macro redefinition
  (compiling source file 'driver%20methods/module.address/moduleaddress.cpp')
      C:\Program Files (x86)\Windows Kits\10\Include\10.0.26100.0\km\crt\crtdefs.h(640,9):
      see previous definition of '__CRTDECL'
  
C:\Program Files\Microsoft Visual Studio\2022\Community\VC\Tools\MSVC\14.41.34120\include\stdint.h(16,26): warning C4083: expected ')'; found identifier '_VCRUNTIME_DISABLED_WARNINGS'
  (compiling source file 'driver%20methods/module.address/moduleaddress.cpp')
  
C:\Users\dnfki\OneDrive\Documents\GitHub\KRNLDriver\KM\driver methods\includes\callstack.h(86,58): warning C4311: 'type cast': pointer truncation from 'const char *' to 'ULONG'
  (compiling source file 'driver%20methods/module.address/moduleaddress.cpp')
  
C:\Users\dnfki\OneDrive\Documents\GitHub\KRNLDriver\KM\driver methods\includes\callstack.h(86,58): warning C4302: 'type cast': truncation from 'const char *' to 'ULONG'
  (compiling source file 'driver%20methods/module.address/moduleaddress.cpp')
  
C:\Users\dnfki\OneDrive\Documents\GitHub\KRNLDriver\KM\driver methods\includes\callstack.h(86,16): warning C4996: 'ExAllocatePoolWithTag': ExAllocatePoolWithTag is deprecated, use ExAllocatePool2.
  (compiling source file 'driver%20methods/module.address/moduleaddress.cpp')
  
C:\Users\dnfki\OneDrive\Documents\GitHub\KRNLDriver\KM\driver essentials\imports.h(179,6): warning C4201: nonstandard extension used: nameless struct/union
  (compiling source file 'driver%20methods/module.address/moduleaddress.cpp')
  
C:\Users\dnfki\OneDrive\Documents\GitHub\KRNLDriver\KM\driver essentials\imports.h(191,6): warning C4201: nonstandard extension used: nameless struct/union
  (compiling source file 'driver%20methods/module.address/moduleaddress.cpp')
  
C:\Users\dnfki\OneDrive\Documents\GitHub\KRNLDriver\KM\driver essentials\imports.h(171,4): warning C4201: nonstandard extension used: nameless struct/union
  (compiling source file 'driver%20methods/module.address/moduleaddress.cpp')
  
C:\Users\dnfki\OneDrive\Documents\GitHub\KRNLDriver\KM\driver methods\module.address\moduleaddress.cpp(73,21): warning C4305: 'initializing': truncation from '__int64' to 'int'
C:\Users\dnfki\OneDrive\Documents\GitHub\KRNLDriver\KM\driver methods\module.address\moduleaddress.cpp(73,23): warning C4309: 'initializing': truncation of constant value
C:\Users\dnfki\OneDrive\Documents\GitHub\KRNLDriver\KM\driver methods\module.address\moduleaddress.cpp(75,21): warning C4305: 'initializing': truncation from '__int64' to 'int'
C:\Users\dnfki\OneDrive\Documents\GitHub\KRNLDriver\KM\driver methods\module.address\moduleaddress.cpp(75,23): warning C4309: 'initializing': truncation of constant value
  mouse.cpp
C:\Program Files\Microsoft Visual Studio\2022\Community\VC\Tools\MSVC\14.41.34120\include\vcruntime.h(61,26): warning C4083: expected ')'; found identifier '_VCRUNTIME_DISABLED_WARNINGS'
  (compiling source file 'driver%20methods/mouse.movement/mouse.cpp')
  
C:\Program Files\Microsoft Visual Studio\2022\Community\VC\Tools\MSVC\14.41.34120\include\vcruntime.h(111,9): warning C4005: '_CRT_STRINGIZE': macro redefinition
  (compiling source file 'driver%20methods/mouse.movement/mouse.cpp')
      C:\Program Files (x86)\Windows Kits\10\Include\10.0.26100.0\km\crt\crtdefs.h(85,9):
      see previous definition of '_CRT_STRINGIZE'
  
C:\Program Files\Microsoft Visual Studio\2022\Community\VC\Tools\MSVC\14.41.34120\include\vcruntime.h(114,9): warning C4005: '_CRT_WIDE': macro redefinition
  (compiling source file 'driver%20methods/mouse.movement/mouse.cpp')
      C:\Program Files (x86)\Windows Kits\10\Include\10.0.26100.0\km\crt\crtdefs.h(88,9):
      see previous definition of '_CRT_WIDE'
  
C:\Program Files\Microsoft Visual Studio\2022\Community\VC\Tools\MSVC\14.41.34120\include\vcruntime.h(155,9): warning C4005: '__CRTDECL': macro redefinition
  (compiling source file 'driver%20methods/mouse.movement/mouse.cpp')
      C:\Program Files (x86)\Windows Kits\10\Include\10.0.26100.0\km\crt\crtdefs.h(640,9):
      see previous definition of '__CRTDECL'
  
C:\Program Files\Microsoft Visual Studio\2022\Community\VC\Tools\MSVC\14.41.34120\include\stdint.h(16,26): warning C4083: expected ')'; found identifier '_VCRUNTIME_DISABLED_WARNINGS'
  (compiling source file 'driver%20methods/mouse.movement/mouse.cpp')
  
C:\Users\dnfki\OneDrive\Documents\GitHub\KRNLDriver\KM\driver methods\includes\callstack.h(86,58): warning C4311: 'type cast': pointer truncation from 'const char *' to 'ULONG'
  (compiling source file 'driver%20methods/mouse.movement/mouse.cpp')
  
C:\Users\dnfki\OneDrive\Documents\GitHub\KRNLDriver\KM\driver methods\includes\callstack.h(86,58): warning C4302: 'type cast': truncation from 'const char *' to 'ULONG'
  (compiling source file 'driver%20methods/mouse.movement/mouse.cpp')
  
C:\Users\dnfki\OneDrive\Documents\GitHub\KRNLDriver\KM\driver methods\includes\callstack.h(86,16): warning C4996: 'ExAllocatePoolWithTag': ExAllocatePoolWithTag is deprecated, use ExAllocatePool2.
  (compiling source file 'driver%20methods/mouse.movement/mouse.cpp')
  
C:\Users\dnfki\OneDrive\Documents\GitHub\KRNLDriver\KM\driver essentials\imports.h(179,6): warning C4201: nonstandard extension used: nameless struct/union
  (compiling source file 'driver%20methods/mouse.movement/mouse.cpp')
  
C:\Users\dnfki\OneDrive\Documents\GitHub\KRNLDriver\KM\driver essentials\imports.h(191,6): warning C4201: nonstandard extension used: nameless struct/union
  (compiling source file 'driver%20methods/mouse.movement/mouse.cpp')
  
C:\Users\dnfki\OneDrive\Documents\GitHub\KRNLDriver\KM\driver essentials\imports.h(171,4): warning C4201: nonstandard extension used: nameless struct/union
  (compiling source file 'driver%20methods/mouse.movement/mouse.cpp')
  
  read.cpp
C:\Program Files\Microsoft Visual Studio\2022\Community\VC\Tools\MSVC\14.41.34120\include\vcruntime.h(61,26): warning C4083: expected ')'; found identifier '_VCRUNTIME_DISABLED_WARNINGS'
  (compiling source file 'driver%20methods/read/read.cpp')
  
C:\Program Files\Microsoft Visual Studio\2022\Community\VC\Tools\MSVC\14.41.34120\include\vcruntime.h(111,9): warning C4005: '_CRT_STRINGIZE': macro redefinition
  (compiling source file 'driver%20methods/read/read.cpp')
      C:\Program Files (x86)\Windows Kits\10\Include\10.0.26100.0\km\crt\crtdefs.h(85,9):
      see previous definition of '_CRT_STRINGIZE'
  
C:\Program Files\Microsoft Visual Studio\2022\Community\VC\Tools\MSVC\14.41.34120\include\vcruntime.h(114,9): warning C4005: '_CRT_WIDE': macro redefinition
  (compiling source file 'driver%20methods/read/read.cpp')
      C:\Program Files (x86)\Windows Kits\10\Include\10.0.26100.0\km\crt\crtdefs.h(88,9):
      see previous definition of '_CRT_WIDE'
  
C:\Program Files\Microsoft Visual Studio\2022\Community\VC\Tools\MSVC\14.41.34120\include\vcruntime.h(155,9): warning C4005: '__CRTDECL': macro redefinition
  (compiling source file 'driver%20methods/read/read.cpp')
      C:\Program Files (x86)\Windows Kits\10\Include\10.0.26100.0\km\crt\crtdefs.h(640,9):
      see previous definition of '__CRTDECL'
  
C:\Program Files\Microsoft Visual Studio\2022\Community\VC\Tools\MSVC\14.41.34120\include\stdint.h(16,26): warning C4083: expected ')'; found identifier '_VCRUNTIME_DISABLED_WARNINGS'
  (compiling source file 'driver%20methods/read/read.cpp')
  
C:\Users\dnfki\OneDrive\Documents\GitHub\KRNLDriver\KM\driver methods\includes\callstack.h(86,58): warning C4311: 'type cast': pointer truncation from 'const char *' to 'ULONG'
  (compiling source file 'driver%20methods/read/read.cpp')
  
C:\Users\dnfki\OneDrive\Documents\GitHub\KRNLDriver\KM\driver methods\includes\callstack.h(86,58): warning C4302: 'type cast': truncation from 'const char *' to 'ULONG'
  (compiling source file 'driver%20methods/read/read.cpp')
  
C:\Users\dnfki\OneDrive\Documents\GitHub\KRNLDriver\KM\driver methods\includes\callstack.h(86,16): warning C4996: 'ExAllocatePoolWithTag': ExAllocatePoolWithTag is deprecated, use ExAllocatePool2.
  (compiling source file 'driver%20methods/read/read.cpp')
  
C:\Users\dnfki\OneDrive\Documents\GitHub\KRNLDriver\KM\driver essentials\imports.h(179,6): warning C4201: nonstandard extension used: nameless struct/union
  (compiling source file 'driver%20methods/read/read.cpp')
  
C:\Users\dnfki\OneDrive\Documents\GitHub\KRNLDriver\KM\driver essentials\imports.h(191,6): warning C4201: nonstandard extension used: nameless struct/union
  (compiling source file 'driver%20methods/read/read.cpp')
  
C:\Users\dnfki\OneDrive\Documents\GitHub\KRNLDriver\KM\driver essentials\imports.h(171,4): warning C4201: nonstandard extension used: nameless struct/union
  (compiling source file 'driver%20methods/read/read.cpp')
  
C:\Users\dnfki\OneDrive\Documents\GitHub\KRNLDriver\KM\driver methods\read\read.cpp(93,45): warning C4244: 'argument': conversion from 'SIZE_T' to 'UINT', possible loss of data
  write.cpp
C:\Program Files\Microsoft Visual Studio\2022\Community\VC\Tools\MSVC\14.41.34120\include\vcruntime.h(61,26): warning C4083: expected ')'; found identifier '_VCRUNTIME_DISABLED_WARNINGS'
  (compiling source file 'driver%20methods/write/write.cpp')
  
C:\Program Files\Microsoft Visual Studio\2022\Community\VC\Tools\MSVC\14.41.34120\include\vcruntime.h(111,9): warning C4005: '_CRT_STRINGIZE': macro redefinition
  (compiling source file 'driver%20methods/write/write.cpp')
      C:\Program Files (x86)\Windows Kits\10\Include\10.0.26100.0\km\crt\crtdefs.h(85,9):
      see previous definition of '_CRT_STRINGIZE'
  
C:\Program Files\Microsoft Visual Studio\2022\Community\VC\Tools\MSVC\14.41.34120\include\vcruntime.h(114,9): warning C4005: '_CRT_WIDE': macro redefinition
  (compiling source file 'driver%20methods/write/write.cpp')
      C:\Program Files (x86)\Windows Kits\10\Include\10.0.26100.0\km\crt\crtdefs.h(88,9):
      see previous definition of '_CRT_WIDE'
  
C:\Program Files\Microsoft Visual Studio\2022\Community\VC\Tools\MSVC\14.41.34120\include\vcruntime.h(155,9): warning C4005: '__CRTDECL': macro redefinition
  (compiling source file 'driver%20methods/write/write.cpp')
      C:\Program Files (x86)\Windows Kits\10\Include\10.0.26100.0\km\crt\crtdefs.h(640,9):
      see previous definition of '__CRTDECL'
  
C:\Program Files\Microsoft Visual Studio\2022\Community\VC\Tools\MSVC\14.41.34120\include\stdint.h(16,26): warning C4083: expected ')'; found identifier '_VCRUNTIME_DISABLED_WARNINGS'
  (compiling source file 'driver%20methods/write/write.cpp')
  
C:\Users\dnfki\OneDrive\Documents\GitHub\KRNLDriver\KM\driver methods\includes\callstack.h(86,58): warning C4311: 'type cast': pointer truncation from 'const char *' to 'ULONG'
  (compiling source file 'driver%20methods/write/write.cpp')
  
C:\Users\dnfki\OneDrive\Documents\GitHub\KRNLDriver\KM\driver methods\includes\callstack.h(86,58): warning C4302: 'type cast': truncation from 'const char *' to 'ULONG'
  (compiling source file 'driver%20methods/write/write.cpp')
  
C:\Users\dnfki\OneDrive\Documents\GitHub\KRNLDriver\KM\driver methods\includes\callstack.h(86,16): warning C4996: 'ExAllocatePoolWithTag': ExAllocatePoolWithTag is deprecated, use ExAllocatePool2.
  (compiling source file 'driver%20methods/write/write.cpp')
  
C:\Users\dnfki\OneDrive\Documents\GitHub\KRNLDriver\KM\driver essentials\imports.h(179,6): warning C4201: nonstandard extension used: nameless struct/union
  (compiling source file 'driver%20methods/write/write.cpp')
  
C:\Users\dnfki\OneDrive\Documents\GitHub\KRNLDriver\KM\driver essentials\imports.h(191,6): warning C4201: nonstandard extension used: nameless struct/union
  (compiling source file 'driver%20methods/write/write.cpp')
  
C:\Users\dnfki\OneDrive\Documents\GitHub\KRNLDriver\KM\driver essentials\imports.h(171,4): warning C4201: nonstandard extension used: nameless struct/union
  (compiling source file 'driver%20methods/write/write.cpp')
  
C:\Users\dnfki\OneDrive\Documents\GitHub\KRNLDriver\KM\driver methods\write\write.cpp(21,45): warning C4244: 'argument': conversion from 'SIZE_T' to 'UINT', possible loss of data
  recode.cpp
C:\Program Files\Microsoft Visual Studio\2022\Community\VC\Tools\MSVC\14.41.34120\include\vcruntime.h(61,26): warning C4083: expected ')'; found identifier '_VCRUNTIME_DISABLED_WARNINGS'
  (compiling source file 'Driver%20Entry/recode.cpp')
  
C:\Program Files\Microsoft Visual Studio\2022\Community\VC\Tools\MSVC\14.41.34120\include\vcruntime.h(111,9): warning C4005: '_CRT_STRINGIZE': macro redefinition
  (compiling source file 'Driver%20Entry/recode.cpp')
      C:\Program Files (x86)\Windows Kits\10\Include\10.0.26100.0\km\crt\crtdefs.h(85,9):
      see previous definition of '_CRT_STRINGIZE'
  
C:\Program Files\Microsoft Visual Studio\2022\Community\VC\Tools\MSVC\14.41.34120\include\vcruntime.h(114,9): warning C4005: '_CRT_WIDE': macro redefinition
  (compiling source file 'Driver%20Entry/recode.cpp')
      C:\Program Files (x86)\Windows Kits\10\Include\10.0.26100.0\km\crt\crtdefs.h(88,9):
      see previous definition of '_CRT_WIDE'
  
C:\Program Files\Microsoft Visual Studio\2022\Community\VC\Tools\MSVC\14.41.34120\include\vcruntime.h(155,9): warning C4005: '__CRTDECL': macro redefinition
  (compiling source file 'Driver%20Entry/recode.cpp')
      C:\Program Files (x86)\Windows Kits\10\Include\10.0.26100.0\km\crt\crtdefs.h(640,9):
      see previous definition of '__CRTDECL'
  
C:\Program Files\Microsoft Visual Studio\2022\Community\VC\Tools\MSVC\14.41.34120\include\stdint.h(16,26): warning C4083: expected ')'; found identifier '_VCRUNTIME_DISABLED_WARNINGS'
  (compiling source file 'Driver%20Entry/recode.cpp')
  
C:\Users\dnfki\OneDrive\Documents\GitHub\KRNLDriver\KM\driver methods\includes\callstack.h(86,58): warning C4311: 'type cast': pointer truncation from 'const char *' to 'ULONG'
  (compiling source file 'Driver%20Entry/recode.cpp')
  
C:\Users\dnfki\OneDrive\Documents\GitHub\KRNLDriver\KM\driver methods\includes\callstack.h(86,58): warning C4302: 'type cast': truncation from 'const char *' to 'ULONG'
  (compiling source file 'Driver%20Entry/recode.cpp')
  
C:\Users\dnfki\OneDrive\Documents\GitHub\KRNLDriver\KM\driver methods\includes\callstack.h(86,16): warning C4996: 'ExAllocatePoolWithTag': ExAllocatePoolWithTag is deprecated, use ExAllocatePool2.
  (compiling source file 'Driver%20Entry/recode.cpp')
  
C:\Users\dnfki\OneDrive\Documents\GitHub\KRNLDriver\KM\driver essentials\imports.h(179,6): warning C4201: nonstandard extension used: nameless struct/union
  (compiling source file 'Driver%20Entry/recode.cpp')
  
C:\Users\dnfki\OneDrive\Documents\GitHub\KRNLDriver\KM\driver essentials\imports.h(191,6): warning C4201: nonstandard extension used: nameless struct/union
  (compiling source file 'Driver%20Entry/recode.cpp')
  
C:\Users\dnfki\OneDrive\Documents\GitHub\KRNLDriver\KM\driver essentials\imports.h(171,4): warning C4201: nonstandard extension used: nameless struct/union
  (compiling source file 'Driver%20Entry/recode.cpp')
  
C:\Users\dnfki\OneDrive\Documents\GitHub\KRNLDriver\KM\Driver Entry\recode.cpp(55,46): warning C4267: 'argument': conversion from 'size_t' to 'UINT', possible loss of data
C:\Users\dnfki\OneDrive\Documents\GitHub\KRNLDriver\KM\Driver Entry\recode.cpp(57,62): warning C4267: 'argument': conversion from 'size_t' to 'UINT', possible loss of data
C:\Users\dnfki\OneDrive\Documents\GitHub\KRNLDriver\KM\Driver Entry\recode.cpp(266,21): warning C4305: 'initializing': truncation from '__int64' to 'int'
C:\Users\dnfki\OneDrive\Documents\GitHub\KRNLDriver\KM\Driver Entry\recode.cpp(266,23): warning C4309: 'initializing': truncation of constant value
C:\Users\dnfki\OneDrive\Documents\GitHub\KRNLDriver\KM\Driver Entry\recode.cpp(268,21): warning C4305: 'initializing': truncation from '__int64' to 'int'
C:\Users\dnfki\OneDrive\Documents\GitHub\KRNLDriver\KM\Driver Entry\recode.cpp(268,23): warning C4309: 'initializing': truncation of constant value
  hash.cpp
  kernel.cpp
C:\Users\dnfki\OneDrive\Documents\GitHub\KRNLDriver\KM\Traces\kernel.cpp(287,67): warning C4996: 'ExAllocatePool': ExAllocatePool is deprecated, use ExAllocatePool2.
C:\Users\dnfki\OneDrive\Documents\GitHub\KRNLDriver\KM\Traces\kernel.cpp(345,67): warning C4996: 'ExAllocatePool': ExAllocatePool is deprecated, use ExAllocatePool2.
  mmu_mml.cpp
C:\Users\dnfki\OneDrive\Documents\GitHub\KRNLDriver\KM\Traces\MMU_MML\mmu_mml.cpp(309,17): warning C4242: 'initializing': conversion from 'BOOL' to 'BOOLEAN', possible loss of data
  piddb.cpp
C:\Users\dnfki\OneDrive\Documents\GitHub\KRNLDriver\KM\Traces\PiDDB\piddb.cpp(323,32): warning C4996: 'ExAllocatePoolWithTag': ExAllocatePoolWithTag is deprecated, use ExAllocatePool2.
  Generating Code...
C:\Users\dnfki\OneDrive\Documents\GitHub\KRNLDriver\KM\Traces\MMU_MML\mmu_mml.cpp(363,1): warning C4702: unreachable code
C:\Users\dnfki\OneDrive\Documents\GitHub\KRNLDriver\KM\Traces\HashBucket\hash.cpp(289,1): warning C4702: unreachable code
  drv.vcxproj -> C:\Users\dnfki\OneDrive\Documents\GitHub\KRNLDriver\x64\Release\KRNL.sys
  Done Adding Additional Store
  Successfully signed: C:\Users\dnfki\OneDrive\Documents\GitHub\KRNLDriver\x64\Release\KRNL.sys
  
  Driver is 'Universal'.
  Inf2Cat task was skipped as there were no inf files to process
  
