c:\users\dnfki\onedrive\documents\github\krnldriver\km\x64\release\vc143.pdb
c:\users\dnfki\onedrive\documents\github\krnldriver\km\x64\release\piddb.obj
c:\users\dnfki\onedrive\documents\github\krnldriver\km\x64\release\mmu_mml.obj
c:\users\dnfki\onedrive\documents\github\krnldriver\km\x64\release\kernel.obj
c:\users\dnfki\onedrive\documents\github\krnldriver\km\x64\release\hash.obj
c:\users\dnfki\onedrive\documents\github\krnldriver\km\x64\release\recode.obj
c:\users\dnfki\onedrive\documents\github\krnldriver\km\x64\release\write.obj
c:\users\dnfki\onedrive\documents\github\krnldriver\km\x64\release\read.obj
c:\users\dnfki\onedrive\documents\github\krnldriver\km\x64\release\mouse.obj
c:\users\dnfki\onedrive\documents\github\krnldriver\km\x64\release\moduleaddress.obj
c:\users\dnfki\onedrive\documents\github\krnldriver\km\x64\release\structs.obj
c:\users\dnfki\onedrive\documents\github\krnldriver\km\x64\release\process.obj
c:\users\dnfki\onedrive\documents\github\krnldriver\km\x64\release\helper.obj
c:\users\dnfki\onedrive\documents\github\krnldriver\km\x64\release\baseaddress.obj
c:\users\dnfki\onedrive\documents\github\krnldriver\km\x64\release\ntos_base.obj
c:\users\dnfki\onedrive\documents\github\krnldriver\km\x64\release\cr3.obj
c:\users\dnfki\onedrive\documents\github\krnldriver\km\x64\release\handler.obj
c:\users\dnfki\onedrive\documents\github\krnldriver\x64\release\driver.sys
c:\users\dnfki\onedrive\documents\github\krnldriver\x64\release\driver.pdb
c:\users\dnfki\onedrive\documents\github\krnldriver\km\x64\release\driver.sys
c:\users\dnfki\onedrive\documents\github\krnldriver\km\x64\release\driver.pdb
c:\users\dnfki\onedrive\documents\github\krnldriver\km\x64\release\recode.tlog\cl.command.1.tlog
c:\users\dnfki\onedrive\documents\github\krnldriver\km\x64\release\recode.tlog\cl.items.tlog
c:\users\dnfki\onedrive\documents\github\krnldriver\km\x64\release\recode.tlog\cl.read.1.tlog
c:\users\dnfki\onedrive\documents\github\krnldriver\km\x64\release\recode.tlog\cl.write.1.tlog
c:\users\dnfki\onedrive\documents\github\krnldriver\km\x64\release\recode.tlog\link.command.1.tlog
c:\users\dnfki\onedrive\documents\github\krnldriver\km\x64\release\recode.tlog\link.read.1.tlog
c:\users\dnfki\onedrive\documents\github\krnldriver\km\x64\release\recode.tlog\link.secondary.1.tlog
c:\users\dnfki\onedrive\documents\github\krnldriver\km\x64\release\recode.tlog\link.write.1.tlog
c:\users\dnfki\onedrive\documents\github\krnldriver\km\x64\release\recode.tlog\signtool.command.1.tlog
c:\users\dnfki\onedrive\documents\github\krnldriver\km\x64\release\recode.tlog\signtool.read.1.tlog
c:\users\dnfki\onedrive\documents\github\krnldriver\km\x64\release\recode.tlog\signtool.write.1.tlog
